{"level":"notice","message":" - STARTING CLUSTER -","timestamp":"2016-11-15T03:35:06.324Z"}
{"level":"notice","message":"pid: 5115","timestamp":"2016-11-15T03:35:06.325Z"}
{"level":"info","message":"starting worker #1","timestamp":"2016-11-15T03:35:06.327Z"}
{"level":"info","message":"[worker #1 (5116)]: starting","timestamp":"2016-11-15T03:35:06.658Z"}
{"level":"info","message":"[worker #1 (5116)]: started","timestamp":"2016-11-15T03:35:07.195Z"}
{"level":"info","message":"starting worker #2","timestamp":"2016-11-15T03:35:07.196Z"}
{"level":"info","message":"[worker #2 (5117)]: starting","timestamp":"2016-11-15T03:35:07.533Z"}
{"level":"info","message":"[worker #2 (5117)]: started","timestamp":"2016-11-15T03:35:08.077Z"}
{"level":"info","message":"starting worker #3","timestamp":"2016-11-15T03:35:08.077Z"}
{"level":"info","message":"[worker #3 (5118)]: starting","timestamp":"2016-11-15T03:35:08.416Z"}
{"level":"info","message":"[worker #3 (5118)]: started","timestamp":"2016-11-15T03:35:08.952Z"}
{"level":"info","message":"starting worker #4","timestamp":"2016-11-15T03:35:08.952Z"}
{"level":"info","message":"[worker #4 (5119)]: starting","timestamp":"2016-11-15T03:35:09.291Z"}
{"level":"info","message":"[worker #4 (5119)]: started","timestamp":"2016-11-15T03:35:09.822Z"}
{"level":"info","message":"starting worker #5","timestamp":"2016-11-15T03:35:09.823Z"}
{"level":"info","message":"[worker #5 (5120)]: starting","timestamp":"2016-11-15T03:35:10.172Z"}
{"level":"info","message":"[worker #5 (5120)]: started","timestamp":"2016-11-15T03:35:10.709Z"}
{"level":"info","message":"starting worker #6","timestamp":"2016-11-15T03:35:10.709Z"}
{"level":"info","message":"[worker #6 (5121)]: starting","timestamp":"2016-11-15T03:35:11.066Z"}
{"level":"info","message":"[worker #6 (5121)]: started","timestamp":"2016-11-15T03:35:11.618Z"}
{"level":"info","message":"starting worker #7","timestamp":"2016-11-15T03:35:11.618Z"}
{"level":"info","message":"[worker #7 (5122)]: starting","timestamp":"2016-11-15T03:35:11.956Z"}
{"level":"info","message":"[worker #7 (5122)]: started","timestamp":"2016-11-15T03:35:12.501Z"}
{"level":"info","message":"starting worker #8","timestamp":"2016-11-15T03:35:12.501Z"}
{"level":"info","message":"[worker #8 (5123)]: starting","timestamp":"2016-11-15T03:35:12.838Z"}
{"level":"info","message":"[worker #8 (5123)]: started","timestamp":"2016-11-15T03:35:13.391Z"}
{"level":"notice","message":"cluster equilibrium state reached with 8 workers","timestamp":"2016-11-15T03:35:13.392Z"}
{"level":"info","message":"Signal: SIGINT","timestamp":"2016-11-15T03:35:15.910Z"}
{"level":"info","message":"8 workers running, waiting on stop","timestamp":"2016-11-15T03:35:15.911Z"}
{"level":"info","message":"signaling worker #8 to stop","timestamp":"2016-11-15T03:35:15.911Z"}
{"level":"info","message":"[worker #4 (5119)]: stopping","timestamp":"2016-11-15T03:35:15.913Z"}
{"level":"info","message":"[worker #5 (5120)]: stopping","timestamp":"2016-11-15T03:35:15.913Z"}
{"level":"info","message":"[worker #7 (5122)]: stopping","timestamp":"2016-11-15T03:35:15.914Z"}
{"level":"info","message":"[worker #8 (5123)]: stopping","timestamp":"2016-11-15T03:35:15.914Z"}
{"level":"info","message":"[worker #6 (5121)]: stopping","timestamp":"2016-11-15T03:35:15.914Z"}
{"level":"info","message":"[worker #2 (5117)]: stopping","timestamp":"2016-11-15T03:35:15.916Z"}
{"level":"info","message":"[worker #3 (5118)]: stopping","timestamp":"2016-11-15T03:35:15.916Z"}
{"level":"info","message":"[worker #4 (5119)]: stopped","timestamp":"2016-11-15T03:35:15.919Z"}
{"level":"info","message":"[worker #8 (5123)]: stopped","timestamp":"2016-11-15T03:35:15.919Z"}
{"level":"info","message":"[worker #3 (5118)]: stopped","timestamp":"2016-11-15T03:35:15.920Z"}
{"level":"info","message":"[worker #2 (5117)]: stopped","timestamp":"2016-11-15T03:35:15.920Z"}
{"level":"info","message":"[worker #6 (5121)]: stopped","timestamp":"2016-11-15T03:35:15.925Z"}
{"level":"info","message":"[worker #1 (5116)]: stopping","timestamp":"2016-11-15T03:35:15.925Z"}
{"level":"info","message":"[worker #1 (5116)]: stopped","timestamp":"2016-11-15T03:35:15.925Z"}
{"level":"info","message":"[worker #7 (5122)]: stopped","timestamp":"2016-11-15T03:35:15.926Z"}
{"level":"info","message":"[worker #5 (5120)]: stopped","timestamp":"2016-11-15T03:35:15.926Z"}
{"level":"info","message":"[worker #1 (5116)]: exited","timestamp":"2016-11-15T03:35:15.944Z"}
{"level":"info","message":"[worker #2 (5117)]: exited","timestamp":"2016-11-15T03:35:15.945Z"}
{"level":"info","message":"[worker #3 (5118)]: exited","timestamp":"2016-11-15T03:35:15.946Z"}
{"level":"info","message":"[worker #4 (5119)]: exited","timestamp":"2016-11-15T03:35:15.946Z"}
{"level":"info","message":"[worker #5 (5120)]: exited","timestamp":"2016-11-15T03:35:15.946Z"}
{"level":"info","message":"[worker #6 (5121)]: exited","timestamp":"2016-11-15T03:35:15.946Z"}
{"level":"info","message":"[worker #7 (5122)]: exited","timestamp":"2016-11-15T03:35:15.947Z"}
{"level":"info","message":"[worker #8 (5123)]: exited","timestamp":"2016-11-15T03:35:15.947Z"}
{"level":"notice","message":"all workers stopped","timestamp":"2016-11-15T03:35:16.916Z"}
